Fri Jul 14 09:55:08 PDT 2017
sudo mentohust -u201530010102 -p201530010102 -l1 -b0 -t8

欢迎使用MentoHUST	版本: 0.3.1
Copyright (C) 2009-2010 HustMoon Studio
人到华中大，有甜亦有辣。明德厚学地，求是创新家。
Bug report to http://code.google.com/p/mentohust/issues/list

** 用户名:	201530010102
** 网卡: 	eth0
** 认证超时:	8秒
** 心跳间隔:	30秒
** 失败等待:	15秒
** 允许失败:	1次
** 组播地址:	锐捷
** DHCP方式:	认证后
** 通知超时:	5秒
** DHCP脚本:	dhclient
** 本机MAC:	00:0c:29:03:21:b6
** 使用IP:	172.18.110.224
** 子网掩码:	255.255.255.0
>> 寻找服务器...
service=0
** 认证MAC:	00:1a:a9:17:ff:ff
>> 发送用户名...
>> 寻找服务器...
service=0
>> 发送用户名...
>> 发送密码...
service=0
** 客户端版本:	4.85
** MD5种子:	c8:37:d9:c3:f7:24:3b:cd:42:32:d0:0f:1d:3a:fd:ed
** V2校验值:	25df5d2e58e805f619236bfa65a33382
>> 认证失败!
$$ 系统提示:	A:用户不存在(请致电85280102核实)!
!! 打开libnotify失败，请检查是否已安装该库文件。
>> 连续认证失败1次，退出认证。
service=0
>> 认证已退出。
Fri Jul 14 09:55:20 PDT 2017
sudo mentohust -u201530010103 -p201530010103 -l1 -b0 -t8

欢迎使用MentoHUST	版本: 0.3.1
Copyright (C) 2009-2010 HustMoon Studio
人到华中大，有甜亦有辣。明德厚学地，求是创新家。
Bug report to http://code.google.com/p/mentohust/issues/list

** 用户名:	201530010103
** 网卡: 	eth0
** 认证超时:	8秒
** 心跳间隔:	30秒
** 失败等待:	15秒
** 允许失败:	1次
** 组播地址:	锐捷
** DHCP方式:	认证后
** 通知超时:	5秒
** DHCP脚本:	dhclient
** 本机MAC:	00:0c:29:03:21:b6
** 使用IP:	172.18.110.224
** 子网掩码:	255.255.255.0
>> 寻找服务器...
service=0
** 认证MAC:	00:1a:a9:17:ff:ff
>> 发送用户名...
>> 寻找服务器...
service=0
>> 发送用户名...
>> 发送密码...
service=0
** 客户端版本:	4.85
** MD5种子:	7c:eb:3e:8e:88:be:71:75:11:d8:3d:b0:2a:95:0b:c7
** V2校验值:	ce018013e1c2e917dbde8299b4e0eeb0
>> 认证失败!
$$ 系统提示:	A:用户不存在(请致电85280102核实)!
!! 打开libnotify失败，请检查是否已安装该库文件。
>> 连续认证失败1次，退出认证。
service=0
>> 认证已退出。
Fri Jul 14 09:55:32 PDT 2017
sudo mentohust -u201530010104 -p201530010104 -l1 -b0 -t8

欢迎使用MentoHUST	版本: 0.3.1
Copyright (C) 2009-2010 HustMoon Studio
人到华中大，有甜亦有辣。明德厚学地，求是创新家。
Bug report to http://code.google.com/p/mentohust/issues/list

** 用户名:	201530010104
** 网卡: 	eth0
** 认证超时:	8秒
** 心跳间隔:	30秒
** 失败等待:	15秒
** 允许失败:	1次
** 组播地址:	锐捷
** DHCP方式:	认证后
** 通知超时:	5秒
** DHCP脚本:	dhclient
** 本机MAC:	00:0c:29:03:21:b6
** 使用IP:	172.18.110.224
** 子网掩码:	255.255.255.0
>> 寻找服务器...
service=0
** 认证MAC:	00:1a:a9:17:ff:ff
>> 发送用户名...
>> 寻找服务器...
service=0
>> 发送用户名...
>> 发送密码...
service=0
** 客户端版本:	4.85
** MD5种子:	c8:f4:18:07:05:7d:13:72:62:b6:31:60:26:31:7f:70
** V2校验值:	2bc94fe471eed87bbca47a61ba2f980f
>> 认证失败!
$$ 系统提示:	A:用户不存在(请致电85280102核实)!
!! 打开libnotify失败，请检查是否已安装该库文件。
>> 连续认证失败1次，退出认证。
service=0
>> 认证已退出。
Fri Jul 14 09:55:44 PDT 2017
sudo mentohust -u201530010105 -p201530010105 -l1 -b0 -t8

欢迎使用MentoHUST	版本: 0.3.1
Copyright (C) 2009-2010 HustMoon Studio
人到华中大，有甜亦有辣。明德厚学地，求是创新家。
Bug report to http://code.google.com/p/mentohust/issues/list

** 用户名:	201530010105
** 网卡: 	eth0
** 认证超时:	8秒
** 心跳间隔:	30秒
** 失败等待:	15秒
** 允许失败:	1次
** 组播地址:	锐捷
** DHCP方式:	认证后
** 通知超时:	5秒
** DHCP脚本:	dhclient
** 本机MAC:	00:0c:29:03:21:b6
** 使用IP:	172.18.110.224
** 子网掩码:	255.255.255.0
>> 寻找服务器...
service=0
** 认证MAC:	00:1a:a9:17:ff:ff
>> 发送用户名...
>> 寻找服务器...
service=0
>> 发送用户名...
>> 发送密码...
service=0
** 客户端版本:	4.85
** MD5种子:	7f:fc:af:de:2b:1d:d5:ab:63:79:41:27:d7:c9:a0:87
** V2校验值:	febae0c71682678814a3091da62c9e08
>> 认证失败!
$$ 系统提示:	A:用户不存在(请致电85280102核实)!
!! 打开libnotify失败，请检查是否已安装该库文件。
>> 连续认证失败1次，退出认证。
service=0
>> 认证已退出。
Fri Jul 14 09:55:56 PDT 2017
sudo mentohust -u201530010201 -p201530010201 -l1 -b0 -t8

欢迎使用MentoHUST	版本: 0.3.1
Copyright (C) 2009-2010 HustMoon Studio
人到华中大，有甜亦有辣。明德厚学地，求是创新家。
Bug report to http://code.google.com/p/mentohust/issues/list

** 用户名:	201530010201
** 网卡: 	eth0
** 认证超时:	8秒
** 心跳间隔:	30秒
** 失败等待:	15秒
** 允许失败:	1次
** 组播地址:	锐捷
** DHCP方式:	认证后
** 通知超时:	5秒
** DHCP脚本:	dhclient
** 本机MAC:	00:0c:29:03:21:b6
** 使用IP:	172.18.110.224
** 子网掩码:	255.255.255.0
>> 寻找服务器...
service=0
** 认证MAC:	00:1a:a9:17:ff:ff
>> 发送用户名...
>> 寻找服务器...
service=0
>> 发送用户名...
>> 发送密码...
service=0
** 客户端版本:	4.85
** MD5种子:	83:4e:c3:a0:ec:8a:f3:d4:9d:13:69:be:b3:88:d1:7d
** V2校验值:	a92019b3c616e7fe92fd5fcf0054e66f
>> 认证失败!
$$ 系统提示:	A:用户不存在(请致电85280102核实)!
!! 打开libnotify失败，请检查是否已安装该库文件。
>> 连续认证失败1次，退出认证。
service=0
>> 认证已退出。
Fri Jul 14 09:56:08 PDT 2017
sudo mentohust -u201530010202 -p201530010202 -l1 -b0 -t8

欢迎使用MentoHUST	版本: 0.3.1
Copyright (C) 2009-2010 HustMoon Studio
人到华中大，有甜亦有辣。明德厚学地，求是创新家。
Bug report to http://code.google.com/p/mentohust/issues/list

** 用户名:	201530010202
** 网卡: 	eth0
** 认证超时:	8秒
** 心跳间隔:	30秒
** 失败等待:	15秒
** 允许失败:	1次
** 组播地址:	锐捷
** DHCP方式:	认证后
** 通知超时:	5秒
** DHCP脚本:	dhclient
** 本机MAC:	00:0c:29:03:21:b6
** 使用IP:	172.18.110.224
** 子网掩码:	255.255.255.0
>> 寻找服务器...
service=0
** 认证MAC:	00:1a:a9:17:ff:ff
>> 发送用户名...
>> 寻找服务器...
service=0
>> 发送用户名...
>> 发送密码...
service=0
** 客户端版本:	4.85
** MD5种子:	ad:51:8a:10:dc:90:b2:a2:e4:b9:0a:b4:d6:c5:bd:ed
** V2校验值:	4666aed74f13c1dec40001670979d2ec
>> 认证失败!
$$ 系统提示:	A:用户不存在(请致电85280102核实)!
!! 打开libnotify失败，请检查是否已安装该库文件。
>> 连续认证失败1次，退出认证。
service=0
>> 认证已退出。
Fri Jul 14 09:56:21 PDT 2017
sudo mentohust -u201531010101 -p201531010101 -l1 -b0 -t8

欢迎使用MentoHUST	版本: 0.3.1
Copyright (C) 2009-2010 HustMoon Studio
人到华中大，有甜亦有辣。明德厚学地，求是创新家。
Bug report to http://code.google.com/p/mentohust/issues/list

** 用户名:	201531010101
** 网卡: 	eth0
** 认证超时:	8秒
** 心跳间隔:	30秒
** 失败等待:	15秒
** 允许失败:	1次
** 组播地址:	锐捷
** DHCP方式:	认证后
** 通知超时:	5秒
** DHCP脚本:	dhclient
** 本机MAC:	00:0c:29:03:21:b6
** 使用IP:	172.18.110.224
** 子网掩码:	255.255.255.0
>> 寻找服务器...
service=0
** 认证MAC:	00:1a:a9:17:ff:ff
>> 发送用户名...
>> 寻找服务器...
service=0
>> 发送用户名...
>> 发送密码...
service=0
** 客户端版本:	4.85
** MD5种子:	8d:7c:6e:88:68:e1:60:63:30:43:69:2c:a9:55:9d:58
** V2校验值:	df8f8114184fe92985d5026651d8b689
>> 认证失败!
$$ 系统提示:	A:用户不存在(请致电85280102核实)!
!! 打开libnotify失败，请检查是否已安装该库文件。
>> 连续认证失败1次，退出认证。
service=0
>> 认证已退出。
Fri Jul 14 09:56:33 PDT 2017
sudo mentohust -u201531010102 -p201531010102 -l1 -b0 -t8

欢迎使用MentoHUST	版本: 0.3.1
Copyright (C) 2009-2010 HustMoon Studio
人到华中大，有甜亦有辣。明德厚学地，求是创新家。
Bug report to http://code.google.com/p/mentohust/issues/list

** 用户名:	201531010102
** 网卡: 	eth0
** 认证超时:	8秒
** 心跳间隔:	30秒
** 失败等待:	15秒
** 允许失败:	1次
** 组播地址:	锐捷
** DHCP方式:	认证后
** 通知超时:	5秒
** DHCP脚本:	dhclient
** 本机MAC:	00:0c:29:03:21:b6
** 使用IP:	172.18.110.224
** 子网掩码:	255.255.255.0
>> 寻找服务器...
service=0
** 认证MAC:	00:1a:a9:17:ff:ff
>> 发送用户名...
>> 寻找服务器...
service=0
>> 发送用户名...
>> 发送密码...
service=0
** 客户端版本:	4.85
** MD5种子:	bf:c1:00:f5:7f:bc:26:62:80:78:55:28:42:3f:06:ec
** V2校验值:	bf9db1c0bb8131627dd82601e7a3a0d2
>> 认证失败!
$$ 系统提示:	A:用户不存在(请致电85280102核实)!
!! 打开libnotify失败，请检查是否已安装该库文件。
>> 连续认证失败1次，退出认证。
service=0
>> 认证已退出。
Fri Jul 14 09:56:45 PDT 2017
sudo mentohust -u201531010103 -p201531010103 -l1 -b0 -t8

欢迎使用MentoHUST	版本: 0.3.1
Copyright (C) 2009-2010 HustMoon Studio
人到华中大，有甜亦有辣。明德厚学地，求是创新家。
Bug report to http://code.google.com/p/mentohust/issues/list

** 用户名:	201531010103
** 网卡: 	eth0
** 认证超时:	8秒
** 心跳间隔:	30秒
** 失败等待:	15秒
** 允许失败:	1次
** 组播地址:	锐捷
** DHCP方式:	认证后
** 通知超时:	5秒
** DHCP脚本:	dhclient
** 本机MAC:	00:0c:29:03:21:b6
** 使用IP:	172.18.110.224
** 子网掩码:	255.255.255.0
>> 寻找服务器...
service=0
** 认证MAC:	00:1a:a9:17:ff:ff
>> 发送用户名...
>> 寻找服务器...
service=0
>> 发送用户名...
>> 发送密码...
service=0
** 客户端版本:	4.85
** MD5种子:	bd:e7:c6:8c:11:04:66:55:8f:10:bd:5a:1c:81:8a:d5
** V2校验值:	8015c10bf1035cf24a43bb58cea11142
>> 认证失败!
$$ 系统提示:	A:用户不存在(请致电85280102核实)!
!! 打开libnotify失败，请检查是否已安装该库文件。
>> 连续认证失败1次，退出认证。
service=0
>> 认证已退出。
Fri Jul 14 09:56:57 PDT 2017
sudo mentohust -u201531010104 -p201531010104 -l1 -b0 -t8

欢迎使用MentoHUST	版本: 0.3.1
Copyright (C) 2009-2010 HustMoon Studio
人到华中大，有甜亦有辣。明德厚学地，求是创新家。
Bug report to http://code.google.com/p/mentohust/issues/list

** 用户名:	201531010104
** 网卡: 	eth0
** 认证超时:	8秒
** 心跳间隔:	30秒
** 失败等待:	15秒
** 允许失败:	1次
** 组播地址:	锐捷
** DHCP方式:	认证后
** 通知超时:	5秒
** DHCP脚本:	dhclient
** 本机MAC:	00:0c:29:03:21:b6
** 使用IP:	172.18.110.224
** 子网掩码:	255.255.255.0
>> 寻找服务器...
service=0
** 认证MAC:	00:1a:a9:17:ff:ff
>> 发送用户名...
>> 寻找服务器...
service=0
>> 发送用户名...
>> 发送密码...
service=0
** 客户端版本:	4.85
** MD5种子:	8c:cf:9b:24:68:bb:43:65:95:8b:4e:2e:a8:ef:92:1e
** V2校验值:	bcefb176eb0cfed8021f06abf205c022
>> 认证失败!
$$ 系统提示:	A:用户不存在(请致电85280102核实)!
!! 打开libnotify失败，请检查是否已安装该库文件。
>> 连续认证失败1次，退出认证。
service=0
>> 认证已退出。
Fri Jul 14 09:57:09 PDT 2017
sudo mentohust -u201531010105 -p201531010105 -l1 -b0 -t8

欢迎使用MentoHUST	版本: 0.3.1
Copyright (C) 2009-2010 HustMoon Studio
人到华中大，有甜亦有辣。明德厚学地，求是创新家。
Bug report to http://code.google.com/p/mentohust/issues/list

** 用户名:	201531010105
** 网卡: 	eth0
** 认证超时:	8秒
** 心跳间隔:	30秒
** 失败等待:	15秒
** 允许失败:	1次
** 组播地址:	锐捷
** DHCP方式:	认证后
** 通知超时:	5秒
** DHCP脚本:	dhclient
** 本机MAC:	00:0c:29:03:21:b6
** 使用IP:	172.18.110.224
** 子网掩码:	255.255.255.0
>> 寻找服务器...
service=0
** 认证MAC:	00:1a:a9:17:ff:ff
>> 发送用户名...
>> 寻找服务器...
service=0
>> 发送用户名...
>> 发送密码...
service=0
** 客户端版本:	4.85
** MD5种子:	e2:0f:7f:29:8b:1b:80:5c:14:ab:52:70:50:57:95:95
** V2校验值:	9b74b72f8ebde0237d1026646d70b228
>> 认证失败!
$$ 系统提示:	A:用户不存在(请致电85280102核实)!
!! 打开libnotify失败，请检查是否已安装该库文件。
>> 连续认证失败1次，退出认证。
service=0
>> 认证已退出。
Fri Jul 14 09:57:21 PDT 2017
sudo mentohust -u201531010201 -p201531010201 -l1 -b0 -t8

欢迎使用MentoHUST	版本: 0.3.1
Copyright (C) 2009-2010 HustMoon Studio
人到华中大，有甜亦有辣。明德厚学地，求是创新家。
Bug report to http://code.google.com/p/mentohust/issues/list

** 用户名:	201531010201
** 网卡: 	eth0
** 认证超时:	8秒
** 心跳间隔:	30秒
** 失败等待:	15秒
** 允许失败:	1次
** 组播地址:	锐捷
** DHCP方式:	认证后
** 通知超时:	5秒
** DHCP脚本:	dhclient
** 本机MAC:	00:0c:29:03:21:b6
** 使用IP:	172.18.110.224
** 子网掩码:	255.255.255.0
>> 寻找服务器...
service=0
** 认证MAC:	00:1a:a9:17:ff:ff
>> 发送用户名...
>> 寻找服务器...
service=0
>> 发送用户名...
>> 发送密码...
service=0
** 客户端版本:	4.85
** MD5种子:	e6:4e:8b:c4:67:85:58:b7:c0:bb:e4:47:20:df:5c:df
** V2校验值:	5797d12f11bafaf339a72fcb71f171e6
>> 认证失败!
$$ 系统提示:	A:用户不存在(请致电85280102核实)!
!! 打开libnotify失败，请检查是否已安装该库文件。
>> 连续认证失败1次，退出认证。
service=0
>> 认证已退出。
Fri Jul 14 09:57:32 PDT 2017
sudo mentohust -u201531010202 -p201531010202 -l1 -b0 -t8

欢迎使用MentoHUST	版本: 0.3.1
Copyright (C) 2009-2010 HustMoon Studio
人到华中大，有甜亦有辣。明德厚学地，求是创新家。
Bug report to http://code.google.com/p/mentohust/issues/list

** 用户名:	201531010202
** 网卡: 	eth0
** 认证超时:	8秒
** 心跳间隔:	30秒
** 失败等待:	15秒
** 允许失败:	1次
** 组播地址:	锐捷
** DHCP方式:	认证后
** 通知超时:	5秒
** DHCP脚本:	dhclient
** 本机MAC:	00:0c:29:03:21:b6
** 使用IP:	172.18.110.224
** 子网掩码:	255.255.255.0
>> 寻找服务器...
service=0
** 认证MAC:	00:1a:a9:17:ff:ff
>> 发送用户名...
>> 寻找服务器...
service=0
>> 发送用户名...
>> 发送密码...
service=0
** 客户端版本:	4.85
** MD5种子:	79:df:a9:15:e7:c0:8d:a3:df:ff:c7:0f:d1:03:b1:43
** V2校验值:	96ece11ebc99981270269e8f5f3cc75f
>> 认证失败!
$$ 系统提示:	A:用户不存在(请致电85280102核实)!
!! 打开libnotify失败，请检查是否已安装该库文件。
>> 连续认证失败1次，退出认证。
service=0
>> 认证已退出。
Fri Jul 14 09:57:48 PDT 2017
sudo mentohust -u201532010101 -p201532010101 -l1 -b0 -t8

欢迎使用MentoHUST	版本: 0.3.1
Copyright (C) 2009-2010 HustMoon Studio
人到华中大，有甜亦有辣。明德厚学地，求是创新家。
Bug report to http://code.google.com/p/mentohust/issues/list

** 用户名:	201532010101
** 网卡: 	eth0
** 认证超时:	8秒
** 心跳间隔:	30秒
** 失败等待:	15秒
** 允许失败:	1次
** 组播地址:	锐捷
** DHCP方式:	认证后
** 通知超时:	5秒
** DHCP脚本:	dhclient
** 本机MAC:	00:0c:29:03:21:b6
** 使用IP:	172.18.110.224
** 子网掩码:	255.255.255.0
>> 寻找服务器...
service=0
** 认证MAC:	00:1a:a9:17:ff:ff
>> 发送用户名...
>> 发送密码...
service=0
** 客户端版本:	4.85
** MD5种子:	f3:4a:6e:da:bc:ad:e1:0f:72:84:66:c9:62:82:45:46
** V2校验值:	a30d4631e4c2d4b87fc1bc238ad71473
>> 认证失败!
$$ 系统提示:	A:用户不存在(请致电85280102核实)!
!! 打开libnotify失败，请检查是否已安装该库文件。
>> 连续认证失败1次，退出认证。
service=0
>> 认证已退出。
Fri Jul 14 09:58:00 PDT 2017
sudo mentohust -u201532010102 -p201532010102 -l1 -b0 -t8

欢迎使用MentoHUST	版本: 0.3.1
Copyright (C) 2009-2010 HustMoon Studio
人到华中大，有甜亦有辣。明德厚学地，求是创新家。
Bug report to http://code.google.com/p/mentohust/issues/list

** 用户名:	201532010102
** 网卡: 	eth0
** 认证超时:	8秒
** 心跳间隔:	30秒
** 失败等待:	15秒
** 允许失败:	1次
** 组播地址:	锐捷
** DHCP方式:	认证后
** 通知超时:	5秒
** DHCP脚本:	dhclient
** 本机MAC:	00:0c:29:03:21:b6
** 使用IP:	172.18.110.224
** 子网掩码:	255.255.255.0
>> 寻找服务器...
service=0
** 认证MAC:	00:1a:a9:17:ff:ff
>> 发送用户名...
>> 寻找服务器...
service=0
>> 发送用户名...
>> 发送密码...
service=0
** 客户端版本:	4.85
** MD5种子:	0a:72:92:72:7a:05:9b:0a:1a:54:d4:a5:0a:2c:79:a3
** V2校验值:	7ff95d9b385e9b1afb5889a4e6050e5e
>> 认证失败!
$$ 系统提示:	A:用户不存在(请致电85280102核实)!
!! 打开libnotify失败，请检查是否已安装该库文件。
>> 连续认证失败1次，退出认证。
service=0
>> 认证已退出。
Fri Jul 14 09:58:12 PDT 2017
sudo mentohust -u201532010103 -p201532010103 -l1 -b0 -t8

欢迎使用MentoHUST	版本: 0.3.1
Copyright (C) 2009-2010 HustMoon Studio
人到华中大，有甜亦有辣。明德厚学地，求是创新家。
Bug report to http://code.google.com/p/mentohust/issues/list

** 用户名:	201532010103
** 网卡: 	eth0
** 认证超时:	8秒
** 心跳间隔:	30秒
** 失败等待:	15秒
** 允许失败:	1次
** 组播地址:	锐捷
** DHCP方式:	认证后
** 通知超时:	5秒
** DHCP脚本:	dhclient
** 本机MAC:	00:0c:29:03:21:b6
** 使用IP:	172.18.110.224
** 子网掩码:	255.255.255.0
>> 寻找服务器...
service=0
** 认证MAC:	00:1a:a9:17:ff:ff
>> 发送用户名...
>> 寻找服务器...
service=0
>> 发送用户名...
>> 发送密码...
service=0
** 客户端版本:	4.85
** MD5种子:	8f:cc:80:73:cf:26:e7:f9:b3:e8:9e:2f:fa:58:8c:26
** V2校验值:	9a2c7833f0db439dcd85dece7c483231
>> 认证失败!
$$ 系统提示:	A:用户不存在(请致电85280102核实)!
!! 打开libnotify失败，请检查是否已安装该库文件。
>> 连续认证失败1次，退出认证。
service=0
>> 认证已退出。
Fri Jul 14 09:58:24 PDT 2017
sudo mentohust -u201532010104 -p201532010104 -l1 -b0 -t8

欢迎使用MentoHUST	版本: 0.3.1
Copyright (C) 2009-2010 HustMoon Studio
人到华中大，有甜亦有辣。明德厚学地，求是创新家。
Bug report to http://code.google.com/p/mentohust/issues/list

** 用户名:	201532010104
** 网卡: 	eth0
** 认证超时:	8秒
** 心跳间隔:	30秒
** 失败等待:	15秒
** 允许失败:	1次
** 组播地址:	锐捷
** DHCP方式:	认证后
** 通知超时:	5秒
** DHCP脚本:	dhclient
** 本机MAC:	00:0c:29:03:21:b6
** 使用IP:	172.18.110.224
** 子网掩码:	255.255.255.0
>> 寻找服务器...
service=0
** 认证MAC:	00:1a:a9:17:ff:ff
>> 发送用户名...
>> 寻找服务器...
service=0
>> 发送用户名...
>> 发送密码...
service=0
** 客户端版本:	4.85
** MD5种子:	a5:b8:23:09:6b:60:9c:8a:a1:f1:cf:02:1b:69:03:4f
** V2校验值:	8c5549a0ef146fd0e6657ec7d194f06d
>> 认证失败!
$$ 系统提示:	A:用户不存在(请致电85280102核实)!
!! 打开libnotify失败，请检查是否已安装该库文件。
>> 连续认证失败1次，退出认证。
service=0
>> 认证已退出。
Fri Jul 14 09:58:36 PDT 2017
sudo mentohust -u201532010105 -p201532010105 -l1 -b0 -t8

欢迎使用MentoHUST	版本: 0.3.1
Copyright (C) 2009-2010 HustMoon Studio
人到华中大，有甜亦有辣。明德厚学地，求是创新家。
Bug report to http://code.google.com/p/mentohust/issues/list

** 用户名:	201532010105
** 网卡: 	eth0
** 认证超时:	8秒
** 心跳间隔:	30秒
** 失败等待:	15秒
** 允许失败:	1次
** 组播地址:	锐捷
** DHCP方式:	认证后
** 通知超时:	5秒
** DHCP脚本:	dhclient
** 本机MAC:	00:0c:29:03:21:b6
** 使用IP:	172.18.110.224
** 子网掩码:	255.255.255.0
>> 寻找服务器...
service=0
** 认证MAC:	00:1a:a9:17:ff:ff
>> 发送用户名...
>> 寻找服务器...
service=0
>> 发送用户名...
>> 发送密码...
service=0
** 客户端版本:	4.85
** MD5种子:	ae:96:8a:1c:0a:bf:e4:b7:77:63:0f:10:86:d7:c9:ac
** V2校验值:	e76c29d3d290a6bfa1997866a48cb254
>> 认证失败!
$$ 系统提示:	A:用户不存在(请致电85280102核实)!
!! 打开libnotify失败，请检查是否已安装该库文件。
>> 连续认证失败1次，退出认证。
service=0
>> 认证已退出。
Fri Jul 14 09:58:48 PDT 2017
sudo mentohust -u201538010101 -p201538010101 -l1 -b0 -t8

欢迎使用MentoHUST	版本: 0.3.1
Copyright (C) 2009-2010 HustMoon Studio
人到华中大，有甜亦有辣。明德厚学地，求是创新家。
Bug report to http://code.google.com/p/mentohust/issues/list

** 用户名:	201538010101
** 网卡: 	eth0
** 认证超时:	8秒
** 心跳间隔:	30秒
** 失败等待:	15秒
** 允许失败:	1次
** 组播地址:	锐捷
** DHCP方式:	认证后
** 通知超时:	5秒
** DHCP脚本:	dhclient
** 本机MAC:	00:0c:29:03:21:b6
** 使用IP:	172.18.110.224
** 子网掩码:	255.255.255.0
>> 寻找服务器...
service=0
** 认证MAC:	00:1a:a9:17:ff:ff
>> 发送用户名...
>> 寻找服务器...
service=0
>> 发送用户名...
>> 发送密码...
service=0
** 客户端版本:	4.85
** MD5种子:	fa:1f:bf:65:dc:7f:83:ab:ca:6c:8f:45:5e:cd:9e:ec
** V2校验值:	f2cb593bd2f7a4b0d94df54a37065df1
>> 认证失败!
$$ 系统提示:	A:用户不存在(请致电85280102核实)!
!! 打开libnotify失败，请检查是否已安装该库文件。
>> 连续认证失败1次，退出认证。
service=0
>> 认证已退出。
Fri Jul 14 09:59:00 PDT 2017
sudo mentohust -u201538010102 -p201538010102 -l1 -b0 -t8

欢迎使用MentoHUST	版本: 0.3.1
Copyright (C) 2009-2010 HustMoon Studio
人到华中大，有甜亦有辣。明德厚学地，求是创新家。
Bug report to http://code.google.com/p/mentohust/issues/list

** 用户名:	201538010102
** 网卡: 	eth0
** 认证超时:	8秒
** 心跳间隔:	30秒
** 失败等待:	15秒
** 允许失败:	1次
** 组播地址:	锐捷
** DHCP方式:	认证后
** 通知超时:	5秒
** DHCP脚本:	dhclient
** 本机MAC:	00:0c:29:03:21:b6
** 使用IP:	172.18.110.224
** 子网掩码:	255.255.255.0
>> 寻找服务器...
service=0
** 认证MAC:	00:1a:a9:17:ff:ff
>> 发送用户名...
>> 寻找服务器...
service=0
>> 发送用户名...
>> 发送密码...
service=0
** 客户端版本:	4.85
** MD5种子:	c6:f4:d5:74:05:05:87:d0:40:58:9e:e1:c1:39:4e:e9
** V2校验值:	32d5e4e3d0d78a8ca8a1502b58f1745a
>> 认证失败!
$$ 系统提示:	A:用户不存在(请致电85280102核实)!
!! 打开libnotify失败，请检查是否已安装该库文件。
>> 连续认证失败1次，退出认证。
service=0
>> 认证已退出。
Fri Jul 14 09:59:13 PDT 2017
sudo mentohust -u201538010103 -p201538010103 -l1 -b0 -t8

欢迎使用MentoHUST	版本: 0.3.1
Copyright (C) 2009-2010 HustMoon Studio
人到华中大，有甜亦有辣。明德厚学地，求是创新家。
Bug report to http://code.google.com/p/mentohust/issues/list

** 用户名:	201538010103
** 网卡: 	eth0
** 认证超时:	8秒
** 心跳间隔:	30秒
** 失败等待:	15秒
** 允许失败:	1次
** 组播地址:	锐捷
** DHCP方式:	认证后
** 通知超时:	5秒
** DHCP脚本:	dhclient
** 本机MAC:	00:0c:29:03:21:b6
** 使用IP:	172.18.110.224
** 子网掩码:	255.255.255.0
>> 寻找服务器...
service=0
** 认证MAC:	00:1a:a9:17:ff:ff
>> 发送用户名...
>> 寻找服务器...
service=0
>> 发送用户名...
>> 发送密码...
service=0
** 客户端版本:	4.85
** MD5种子:	b7:6e:ab:6c:d3:02:01:a2:d3:91:ef:33:be:6f:44:d9
** V2校验值:	c93d256e0cea76bf468e17f100de62db
>> 认证失败!
$$ 系统提示:	A:用户不存在(请致电85280102核实)!
!! 打开libnotify失败，请检查是否已安装该库文件。
>> 连续认证失败1次，退出认证。
service=0
>> 认证已退出。
Fri Jul 14 09:59:25 PDT 2017
sudo mentohust -u201538010104 -p201538010104 -l1 -b0 -t8

欢迎使用MentoHUST	版本: 0.3.1
Copyright (C) 2009-2010 HustMoon Studio
人到华中大，有甜亦有辣。明德厚学地，求是创新家。
Bug report to http://code.google.com/p/mentohust/issues/list

** 用户名:	201538010104
** 网卡: 	eth0
** 认证超时:	8秒
** 心跳间隔:	30秒
** 失败等待:	15秒
** 允许失败:	1次
** 组播地址:	锐捷
** DHCP方式:	认证后
** 通知超时:	5秒
** DHCP脚本:	dhclient
** 本机MAC:	00:0c:29:03:21:b6
** 使用IP:	172.18.110.224
** 子网掩码:	255.255.255.0
>> 寻找服务器...
service=0
** 认证MAC:	00:1a:a9:17:ff:ff
>> 发送用户名...
>> 寻找服务器...
service=0
>> 发送用户名...
>> 发送密码...
service=0
** 客户端版本:	4.85
** MD5种子:	75:2a:96:18:20:79:ef:42:0e:50:47:ac:3d:e0:5f:ed
** V2校验值:	0a248789457d115737e4a12ea5e76e60
>> 认证失败!
$$ 系统提示:	A:用户不存在(请致电85280102核实)!
!! 打开libnotify失败，请检查是否已安装该库文件。
>> 连续认证失败1次，退出认证。
service=0
>> 认证已退出。
Fri Jul 14 09:59:37 PDT 2017
sudo mentohust -u201538010105 -p201538010105 -l1 -b0 -t8

欢迎使用MentoHUST	版本: 0.3.1
Copyright (C) 2009-2010 HustMoon Studio
人到华中大，有甜亦有辣。明德厚学地，求是创新家。
Bug report to http://code.google.com/p/mentohust/issues/list

** 用户名:	201538010105
** 网卡: 	eth0
** 认证超时:	8秒
** 心跳间隔:	30秒
** 失败等待:	15秒
** 允许失败:	1次
** 组播地址:	锐捷
** DHCP方式:	认证后
** 通知超时:	5秒
** DHCP脚本:	dhclient
** 本机MAC:	00:0c:29:03:21:b6
** 使用IP:	172.18.110.224
** 子网掩码:	255.255.255.0
>> 寻找服务器...
service=0
** 认证MAC:	00:1a:a9:17:ff:ff
>> 发送用户名...
>> 寻找服务器...
service=0
>> 发送用户名...
>> 发送密码...
service=0
** 客户端版本:	4.85
** MD5种子:	46:fe:cc:bd:cf:8b:89:78:92:2b:b4:7c:8c:db:15:29
** V2校验值:	733f74832aca36d695412683d15df38d
>> 认证失败!
$$ 系统提示:	A:用户不存在(请致电85280102核实)!
!! 打开libnotify失败，请检查是否已安装该库文件。
>> 连续认证失败1次，退出认证。
service=0
>> 认证已退出。
Fri Jul 14 09:59:49 PDT 2017
sudo mentohust -u201538010201 -p201538010201 -l1 -b0 -t8

欢迎使用MentoHUST	版本: 0.3.1
Copyright (C) 2009-2010 HustMoon Studio
人到华中大，有甜亦有辣。明德厚学地，求是创新家。
Bug report to http://code.google.com/p/mentohust/issues/list

** 用户名:	201538010201
** 网卡: 	eth0
** 认证超时:	8秒
** 心跳间隔:	30秒
** 失败等待:	15秒
** 允许失败:	1次
** 组播地址:	锐捷
** DHCP方式:	认证后
** 通知超时:	5秒
** DHCP脚本:	dhclient
** 本机MAC:	00:0c:29:03:21:b6
** 使用IP:	172.18.110.224
** 子网掩码:	255.255.255.0
>> 寻找服务器...
service=0
** 认证MAC:	00:1a:a9:17:ff:ff
>> 发送用户名...
>> 寻找服务器...
service=0
>> 发送用户名...
>> 发送密码...
service=0
** 客户端版本:	4.85
** MD5种子:	13:e6:49:ec:c2:ff:ab:f4:54:83:af:a7:dc:58:03:2f
** V2校验值:	54794170d759330c3721963383587651
>> 认证失败!
$$ 系统提示:	A:用户不存在(请致电85280102核实)!
!! 打开libnotify失败，请检查是否已安装该库文件。
>> 连续认证失败1次，退出认证。
service=0
>> 认证已退出。
Fri Jul 14 10:00:01 PDT 2017
sudo mentohust -u201538010202 -p201538010202 -l1 -b0 -t8

欢迎使用MentoHUST	版本: 0.3.1
Copyright (C) 2009-2010 HustMoon Studio
人到华中大，有甜亦有辣。明德厚学地，求是创新家。
Bug report to http://code.google.com/p/mentohust/issues/list

** 用户名:	201538010202
** 网卡: 	eth0
** 认证超时:	8秒
** 心跳间隔:	30秒
** 失败等待:	15秒
** 允许失败:	1次
** 组播地址:	锐捷
** DHCP方式:	认证后
** 通知超时:	5秒
** DHCP脚本:	dhclient
** 本机MAC:	00:0c:29:03:21:b6
** 使用IP:	172.18.110.224
** 子网掩码:	255.255.255.0
>> 寻找服务器...
service=0
** 认证MAC:	00:1a:a9:17:ff:ff
>> 发送用户名...
>> 寻找服务器...
service=0
>> 发送用户名...
>> 发送密码...
service=0
** 客户端版本:	4.85
** MD5种子:	e7:80:92:da:87:23:97:ac:1d:28:58:ef:bf:84:7b:55
** V2校验值:	fb5a7b6c96045a9235c9e9de69991f56
>> 认证失败!
$$ 系统提示:	A:用户不存在(请致电85280102核实)!
!! 打开libnotify失败，请检查是否已安装该库文件。
>> 连续认证失败1次，退出认证。
service=0
>> 认证已退出。
Fri Jul 14 10:00:13 PDT 2017
sudo mentohust -u201538010203 -p201538010203 -l1 -b0 -t8

欢迎使用MentoHUST	版本: 0.3.1
Copyright (C) 2009-2010 HustMoon Studio
人到华中大，有甜亦有辣。明德厚学地，求是创新家。
Bug report to http://code.google.com/p/mentohust/issues/list

** 用户名:	201538010203
** 网卡: 	eth0
** 认证超时:	8秒
** 心跳间隔:	30秒
** 失败等待:	15秒
** 允许失败:	1次
** 组播地址:	锐捷
** DHCP方式:	认证后
** 通知超时:	5秒
** DHCP脚本:	dhclient
** 本机MAC:	00:0c:29:03:21:b6
** 使用IP:	172.18.110.224
** 子网掩码:	255.255.255.0
>> 寻找服务器...
service=0
** 认证MAC:	00:1a:a9:17:ff:ff
>> 发送用户名...
>> 寻找服务器...
service=0
>> 发送用户名...
>> 发送密码...
service=0
** 客户端版本:	4.85
** MD5种子:	0b:15:e0:3e:51:96:8b:4d:8f:4b:d1:66:fe:e2:05:e2
** V2校验值:	a8e11709718ec9bd079e0bb35a58b43a
>> 认证失败!
$$ 系统提示:	A:用户不存在(请致电85280102核实)!
!! 打开libnotify失败，请检查是否已安装该库文件。
>> 连续认证失败1次，退出认证。
service=0
>> 认证已退出。
Fri Jul 14 10:00:25 PDT 2017
sudo mentohust -u201538010204 -p201538010204 -l1 -b0 -t8

欢迎使用MentoHUST	版本: 0.3.1
Copyright (C) 2009-2010 HustMoon Studio
人到华中大，有甜亦有辣。明德厚学地，求是创新家。
Bug report to http://code.google.com/p/mentohust/issues/list

** 用户名:	201538010204
** 网卡: 	eth0
** 认证超时:	8秒
** 心跳间隔:	30秒
** 失败等待:	15秒
** 允许失败:	1次
** 组播地址:	锐捷
** DHCP方式:	认证后
** 通知超时:	5秒
** DHCP脚本:	dhclient
** 本机MAC:	00:0c:29:03:21:b6
** 使用IP:	172.18.110.224
** 子网掩码:	255.255.255.0
>> 寻找服务器...
service=0
** 认证MAC:	00:1a:a9:17:ff:ff
>> 发送用户名...
>> 寻找服务器...
service=0
>> 发送用户名...
>> 发送密码...
service=0
** 客户端版本:	4.85
** MD5种子:	2c:3f:ea:6d:8e:bf:69:f8:63:3f:de:c6:ca:86:75:6b
** V2校验值:	8f6930fa129ceb8dac1604c515ba3b2c
>> 认证失败!
$$ 系统提示:	A:用户不存在(请致电85280102核实)!
!! 打开libnotify失败，请检查是否已安装该库文件。
>> 连续认证失败1次，退出认证。
service=0
>> 认证已退出。
Fri Jul 14 10:00:37 PDT 2017
sudo mentohust -u201538010205 -p201538010205 -l1 -b0 -t8

欢迎使用MentoHUST	版本: 0.3.1
Copyright (C) 2009-2010 HustMoon Studio
人到华中大，有甜亦有辣。明德厚学地，求是创新家。
Bug report to http://code.google.com/p/mentohust/issues/list

** 用户名:	201538010205
** 网卡: 	eth0
** 认证超时:	8秒
** 心跳间隔:	30秒
** 失败等待:	15秒
** 允许失败:	1次
** 组播地址:	锐捷
** DHCP方式:	认证后
** 通知超时:	5秒
** DHCP脚本:	dhclient
** 本机MAC:	00:0c:29:03:21:b6
** 使用IP:	172.18.110.224
** 子网掩码:	255.255.255.0
>> 寻找服务器...
service=0
** 认证MAC:	00:1a:a9:17:ff:ff
>> 发送用户名...
>> 寻找服务器...
service=0
>> 发送用户名...
>> 发送密码...
service=0
** 客户端版本:	4.85
** MD5种子:	0f:19:93:4f:a5:ab:9b:11:e9:0a:cd:3b:5a:d2:ea:22
** V2校验值:	436c070cf5985fcf557cde6ab94cd671
>> 认证失败!
$$ 系统提示:	A:用户不存在(请致电85280102核实)!
!! 打开libnotify失败，请检查是否已安装该库文件。
>> 连续认证失败1次，退出认证。
service=0
>> 认证已退出。
Fri Jul 14 10:00:49 PDT 2017
sudo mentohust -u201538020101 -p201538020101 -l1 -b0 -t8

欢迎使用MentoHUST	版本: 0.3.1
Copyright (C) 2009-2010 HustMoon Studio
人到华中大，有甜亦有辣。明德厚学地，求是创新家。
Bug report to http://code.google.com/p/mentohust/issues/list

** 用户名:	201538020101
** 网卡: 	eth0
** 认证超时:	8秒
** 心跳间隔:	30秒
** 失败等待:	15秒
** 允许失败:	1次
** 组播地址:	锐捷
** DHCP方式:	认证后
** 通知超时:	5秒
** DHCP脚本:	dhclient
** 本机MAC:	00:0c:29:03:21:b6
** 使用IP:	172.18.110.224
** 子网掩码:	255.255.255.0
>> 寻找服务器...
service=0
** 认证MAC:	00:1a:a9:17:ff:ff
>> 发送用户名...
>> 寻找服务器...
service=0
>> 发送用户名...
>> 发送密码...
service=0
** 客户端版本:	4.85
** MD5种子:	9a:d8:dd:56:81:78:cc:80:4d:9a:a7:2b:5c:c9:72:79
** V2校验值:	50f6a4d11be54792691e3d79606e6f27
>> 认证失败!
$$ 系统提示:	A:用户不存在(请致电85280102核实)!
!! 打开libnotify失败，请检查是否已安装该库文件。
>> 连续认证失败1次，退出认证。
service=0
>> 认证已退出。
